D:\VISUALSTUDIO2008\PROJECTS\RTMPLIVE_RABDETECTION\DEBUG\RTMPLIVEENCODER.EXE
D:\VISUALSTUDIO2008\PROJECTS\RTMPLIVE_RABDETECTION\DEBUG\RTMPLIVEENCODER.ILK
D:\VISUALSTUDIO2008\PROJECTS\RTMPLIVE_RABDETECTION\DEBUG\RTMPLIVEENCODER.PDB
D:\VISUALSTUDIO2008\PROJECTS\RTMPLIVE_RABDETECTION\RTMPLIVEENCODER\DEBUG\AUDIOENCODERTHREAD.OBJ
D:\VisualStudio2008\Projects\RtmpLive_RABDetection\RtmpLiveEncoder\Debug\cl.command.1.tlog
D:\VisualStudio2008\Projects\RtmpLive_RABDetection\RtmpLiveEncoder\Debug\CL.read.1.tlog
D:\VisualStudio2008\Projects\RtmpLive_RABDetection\RtmpLiveEncoder\Debug\CL.write.1.tlog
D:\VISUALSTUDIO2008\PROJECTS\RTMPLIVE_RABDETECTION\RTMPLIVEENCODER\DEBUG\DSAUDIOCAPTUREDEVICE.OBJ
D:\VISUALSTUDIO2008\PROJECTS\RTMPLIVE_RABDETECTION\RTMPLIVEENCODER\DEBUG\DSAUDIOGRAPH.OBJ
D:\VISUALSTUDIO2008\PROJECTS\RTMPLIVE_RABDETECTION\RTMPLIVEENCODER\DEBUG\DSCAPTURE.OBJ
D:\VISUALSTUDIO2008\PROJECTS\RTMPLIVE_RABDETECTION\RTMPLIVEENCODER\DEBUG\DSCAPTUREDEVICE.OBJ
D:\VISUALSTUDIO2008\PROJECTS\RTMPLIVE_RABDETECTION\RTMPLIVEENCODER\DEBUG\DSGRABBERCALLBACK.OBJ
D:\VISUALSTUDIO2008\PROJECTS\RTMPLIVE_RABDETECTION\RTMPLIVEENCODER\DEBUG\DSGRAPH.OBJ
D:\VISUALSTUDIO2008\PROJECTS\RTMPLIVE_RABDETECTION\RTMPLIVEENCODER\DEBUG\DSVIDEOCAPTUREDEVICE.OBJ
D:\VISUALSTUDIO2008\PROJECTS\RTMPLIVE_RABDETECTION\RTMPLIVEENCODER\DEBUG\DSVIDEOGRAPH.OBJ
D:\VISUALSTUDIO2008\PROJECTS\RTMPLIVE_RABDETECTION\RTMPLIVEENCODER\DEBUG\FAACENCODER.OBJ
D:\VISUALSTUDIO2008\PROJECTS\RTMPLIVE_RABDETECTION\RTMPLIVEENCODER\DEBUG\FLVREADER.OBJ
D:\VISUALSTUDIO2008\PROJECTS\RTMPLIVE_RABDETECTION\RTMPLIVEENCODER\DEBUG\FLVWRITTER.OBJ
D:\VISUALSTUDIO2008\PROJECTS\RTMPLIVE_RABDETECTION\RTMPLIVEENCODER\DEBUG\HIKCONN.OBJ
D:\VISUALSTUDIO2008\PROJECTS\RTMPLIVE_RABDETECTION\RTMPLIVEENCODER\DEBUG\LIBRTMP.OBJ
D:\VisualStudio2008\Projects\RtmpLive_RABDetection\RtmpLiveEncoder\Debug\link.command.1.tlog
D:\VisualStudio2008\Projects\RtmpLive_RABDetection\RtmpLiveEncoder\Debug\link.read.1.tlog
D:\VisualStudio2008\Projects\RtmpLive_RABDetection\RtmpLiveEncoder\Debug\link.read.2.tlog
D:\VisualStudio2008\Projects\RtmpLive_RABDetection\RtmpLiveEncoder\Debug\link.write.1.tlog
D:\VisualStudio2008\Projects\RtmpLive_RABDetection\RtmpLiveEncoder\Debug\link-cvtres.read.1.tlog
D:\VisualStudio2008\Projects\RtmpLive_RABDetection\RtmpLiveEncoder\Debug\link-cvtres.write.1.tlog
D:\VISUALSTUDIO2008\PROJECTS\RTMPLIVE_RABDETECTION\RTMPLIVEENCODER\DEBUG\LOCK.OBJ
D:\VisualStudio2008\Projects\RtmpLive_RABDetection\RtmpLiveEncoder\Debug\mt.command.1.tlog
D:\VisualStudio2008\Projects\RtmpLive_RABDetection\RtmpLiveEncoder\Debug\mt.read.1.tlog
D:\VisualStudio2008\Projects\RtmpLive_RABDetection\RtmpLiveEncoder\Debug\mt.write.1.tlog
D:\VISUALSTUDIO2008\PROJECTS\RTMPLIVE_RABDETECTION\RTMPLIVEENCODER\DEBUG\RABDETECTION.OBJ
D:\VisualStudio2008\Projects\RtmpLive_RABDetection\RtmpLiveEncoder\Debug\rc.command.1.tlog
D:\VisualStudio2008\Projects\RtmpLive_RABDetection\RtmpLiveEncoder\Debug\rc.read.1.tlog
D:\VisualStudio2008\Projects\RtmpLive_RABDetection\RtmpLiveEncoder\Debug\rc.write.1.tlog
D:\VISUALSTUDIO2008\PROJECTS\RTMPLIVE_RABDETECTION\RTMPLIVEENCODER\DEBUG\RTMPLIVEENCODER.EXE.EMBED.MANIFEST
D:\VISUALSTUDIO2008\PROJECTS\RTMPLIVE_RABDETECTION\RTMPLIVEENCODER\DEBUG\RTMPLIVEENCODER.EXE.EMBED.MANIFEST.RES
D:\VISUALSTUDIO2008\PROJECTS\RTMPLIVE_RABDETECTION\RTMPLIVEENCODER\DEBUG\RTMPLIVEENCODER.EXE.INTERMEDIATE.MANIFEST
D:\VISUALSTUDIO2008\PROJECTS\RTMPLIVE_RABDETECTION\RTMPLIVEENCODER\DEBUG\RTMPLIVEENCODER.OBJ
D:\VISUALSTUDIO2008\PROJECTS\RTMPLIVE_RABDETECTION\RTMPLIVEENCODER\DEBUG\RTMPLIVEENCODER.PCH
D:\VISUALSTUDIO2008\PROJECTS\RTMPLIVE_RABDETECTION\RTMPLIVEENCODER\DEBUG\RTMPLIVEENCODER.RES
D:\VisualStudio2008\Projects\RtmpLive_RABDetection\RtmpLiveEncoder\Debug\RtmpLiveEncoder_manifest.rc
D:\VISUALSTUDIO2008\PROJECTS\RTMPLIVE_RABDETECTION\RTMPLIVEENCODER\DEBUG\RTMPLIVEENCODERAPP.OBJ
D:\VISUALSTUDIO2008\PROJECTS\RTMPLIVE_RABDETECTION\RTMPLIVEENCODER\DEBUG\RTMPLIVEENCODERDLG.OBJ
D:\VISUALSTUDIO2008\PROJECTS\RTMPLIVE_RABDETECTION\RTMPLIVEENCODER\DEBUG\SIMPLETHREAD.OBJ
D:\VISUALSTUDIO2008\PROJECTS\RTMPLIVE_RABDETECTION\RTMPLIVEENCODER\DEBUG\STDAFX.OBJ
D:\VISUALSTUDIO2008\PROJECTS\RTMPLIVE_RABDETECTION\RTMPLIVEENCODER\DEBUG\THREAD.OBJ
D:\VisualStudio2008\Projects\RtmpLive_RABDetection\RtmpLiveEncoder\Debug\vc100.idb
D:\VISUALSTUDIO2008\PROJECTS\RTMPLIVE_RABDETECTION\RTMPLIVEENCODER\DEBUG\VC100.PDB
D:\VISUALSTUDIO2008\PROJECTS\RTMPLIVE_RABDETECTION\RTMPLIVEENCODER\DEBUG\VIDEOENCODERTHREAD.OBJ
D:\VISUALSTUDIO2008\PROJECTS\RTMPLIVE_RABDETECTION\RTMPLIVEENCODER\DEBUG\WAITEVENT.OBJ
D:\VISUALSTUDIO2008\PROJECTS\RTMPLIVE_RABDETECTION\RTMPLIVEENCODER\DEBUG\X264ENCODER.OBJ
